<?xml version="1.0" encoding="UTF-8"?>
<!-- Generated by org.testng.reporters.JUnitReportReporter -->
<testsuite hostname="DESKTOP-GV21CR2" failures="0" tests="4" name="TestClasses.VerifyUserCanBuyProduct" time="30.201" errors="0" timestamp="2022-06-05T15:20:11 IST" skipped="0">
  <testcase classname="TestClasses.VerifyUserCanBuyProduct" name="verifyUserCanLogin" time="5.590"/>
  <system-out/>
  <testcase classname="TestClasses.VerifyUserCanBuyProduct" name="VerifyUserCanSearchProduct" time="16.109"/>
  <system-out/>
  <testcase classname="TestClasses.VerifyUserCanBuyProduct" name="verifyUserCanSelectProductAndMoveToProductDetailsPage" time="8.088"/>
  <system-out/>
  <testcase classname="TestClasses.VerifyUserCanBuyProduct" name="verifyUserCanAddProductToCart" time="0.414"/>
  <system-out/>
</testsuite> <!-- TestClasses.VerifyUserCanBuyProduct -->
