<?xml version="1.0" encoding="UTF-8"?>
<!-- Generated by org.testng.reporters.JUnitReportReporter -->
<testsuite hostname="DESKTOP-GV21CR2" failures="0" tests="1" name="TestClasses.VerifyUserCanRemoverProductsFromCart" time="0.003" errors="0" timestamp="2022-06-04T23:48:14 IST" skipped="0">
  <testcase classname="TestClasses.VerifyUserCanRemoverProductsFromCart" name="test1" time="0.003"/>
  <system-out/>
</testsuite> <!-- TestClasses.VerifyUserCanRemoverProductsFromCart -->
